<?xml version="1.0" encoding="UTF-8"?>
<!-- Generated by org.testng.reporters.JUnitReportReporter -->
<testsuite hostname="LAPTOP-28BM3ARG" failures="0" tests="1" name="Demo.NewTest" time="0.010" errors="0" timestamp="2022-02-01T10:51:32 IST" skipped="0">
  <testcase classname="Demo.NewTest" name="f" time="0.010"/>
  <system-out/>
</testsuite> <!-- Demo.NewTest -->
